<?xml version="1.0" encoding="UTF-8"?>
<Site BuildName="Linux-clang++-11"
	BuildStamp="20210731-2246-Experimental"
	Name="weber"
	Generator="ctest-3.13.2"
	CompilerName="/usr/bin/clang++-11"
	CompilerVersion="11.0.1"
	OSName="Linux"
	Hostname="wagner"
	OSRelease="4.9.0-16-amd64"
	OSVersion="#1 SMP Debian 4.9.272-1 (2021-06-21)"
	OSPlatform="x86_64"
	Is64Bits="1"
	VendorString="GenuineIntel"
	VendorID="Intel Corporation"
	FamilyID="6"
	ModelID="63"
	ProcessorCacheSize="30720"
	NumberOfLogicalCPU="8"
	NumberOfPhysicalCPU="8"
	TotalVirtualMemory="16383"
	TotalPhysicalMemory="24114"
	LogicalProcessorsPerPhysical="1"
	ProcessorClockFrequency="2299.37"
	>
	<Testing>
		<StartDateTime>Aug 01 09:00 AEST</StartDateTime>
		<StartTestTime>1627772413</StartTestTime>
		<TestList>
			<Test>/tmp_amd/reed/export/reed/1/z5232937/6771/ass1/ass3/build/test/graph/test.graph_test1</Test>
		</TestList>
		<Test Status="passed">
			<Name>test.graph_test1</Name>
			<Path>/tmp_amd/reed/export/reed/1/z5232937/6771/ass1/ass3/build/test/graph</Path>
			<FullName>/tmp_amd/reed/export/reed/1/z5232937/6771/ass1/ass3/build/test/graph/test.graph_test1</FullName>
			<FullCommandLine>/tmp_amd/reed/export/reed/1/z5232937/6771/ass1/ass3/build/test/graph/graph_test1</FullCommandLine>
			<Results>
				<NamedMeasurement type="numeric/double" name="Execution Time">
					<Value>0.0731463</Value>
				</NamedMeasurement>
				<NamedMeasurement type="numeric/double" name="Processors">
					<Value>1</Value>
				</NamedMeasurement>
				<NamedMeasurement type="text/string" name="Completion Status">
					<Value>Completed</Value>
				</NamedMeasurement>
				<NamedMeasurement type="text/string" name="Command Line">
					<Value>/tmp_amd/reed/export/reed/1/z5232937/6771/ass1/ass3/build/test/graph/graph_test1</Value>
				</NamedMeasurement>
				<Measurement>
					<Value encoding="base64" compression="gzip">eJyztaUq4HLMyVEoSS0uKVYoSCwuTk1R0DBRADGKSjLz84oVMvMUDMHyCsmJxamaXFwAK48i8g==</Value>
				</Measurement>
			</Results>
		</Test>
		<EndDateTime>Aug 01 09:00 AEST</EndDateTime>
		<EndTestTime>1627772413</EndTestTime>
		<ElapsedMinutes>0</ElapsedMinutes>
	</Testing>
</Site>
